<?xml version="1.0" encoding="UTF-8"?>
<!-- Generated by org.testng.reporters.JUnitReportReporter -->
<testsuite hostname="Alpha-7VTW322" failures="0" tests="4" name="com.qa.test.DemoTest" time="0.007" errors="0" timestamp="2020-06-26T04:17:50 EDT" skipped="0">
  <testcase classname="com.qa.test.DemoTest" name="sum" time="0.000"/>
  <system-out/>
  <testcase classname="com.qa.test.DemoTest" name="multi" time="0.000"/>
  <system-out/>
  <testcase classname="com.qa.test.DemoTest" name="sub" time="0.000"/>
  <system-out/>
  <testcase classname="com.qa.test.DemoTest" name="div" time="0.007"/>
  <system-out/>
</testsuite> <!-- com.qa.test.DemoTest -->
